<?xml version="1.0" encoding="UTF-8"?>
<!-- Generated by org.testng.reporters.JUnitReportReporter -->
<testsuite hostname="DESKTOP-59NO5IH" name="Sample" tests="1" failures="0" timestamp="13 Oct 2019 14:46:20 GMT" time="0.027" errors="0">
  <testcase name="abc" time="0.027" classname="Sample"/>
</testsuite> <!-- Sample -->
